# JRE version: Java(TM) SE Runtime Environment (8.0_102-b14) (build 1.8.0_102-b14)
# Java VM: Java HotSpot(TM) 64-Bit Server VM (25.102-b14 mixed mode bsd-amd64 compressed oops)
Heap:
 PSYoungGen      total 34304K, used 769K [0x000000076ab00000, 0x000000076d100000, 0x00000007c0000000)
  eden space 31232K, 2% used [0x000000076ab00000,0x000000076abc0468,0x000000076c980000)
  from space 3072K, 0% used [0x000000076cd00000,0x000000076cd00000,0x000000076d000000)
  to   space 3584K, 0% used [0x000000076c980000,0x000000076c980000,0x000000076cd00000)
 ParOldGen       total 260096K, used 190727K [0x00000006c0000000, 0x00000006cfe00000, 0x000000076ab00000)
  object space 260096K, 73% used [0x00000006c0000000,0x00000006cba41f88,0x00000006cfe00000)
 Metaspace       used 19807K, capacity 20110K, committed 20480K, reserved 1067008K
  class space    used 2131K, capacity 2231K, committed 2304K, reserved 1048576K
GC Heap History (10 events):
Event: 2669.214 GC heap before
{Heap before GC invocations=5649 (full 14):
 PSYoungGen      total 34816K, used 34240K [0x000000076ab00000, 0x000000076d000000, 0x00000007c0000000)
  eden space 31744K, 100% used [0x000000076ab00000,0x000000076ca00000,0x000000076ca00000)
  from space 3072K, 81% used [0x000000076cd00000,0x000000076cf70070,0x000000076d000000)
  to   space 3072K, 0% used [0x000000076ca00000,0x000000076ca00000,0x000000076cd00000)
 ParOldGen       total 252928K, used 252296K [0x00000006c0000000, 0x00000006cf700000, 0x000000076ab00000)
  object space 252928K, 99% used [0x00000006c0000000,0x00000006cf662138,0x00000006cf700000)
 Metaspace       used 19807K, capacity 20110K, committed 20480K, reserved 1067008K
  class space    used 2131K, capacity 2231K, committed 2304K, reserved 1048576K
Event: 2669.216 GC heap after
Heap after GC invocations=5649 (full 14):
 PSYoungGen      total 34816K, used 2464K [0x000000076ab00000, 0x000000076d000000, 0x00000007c0000000)
  eden space 31744K, 0% used [0x000000076ab00000,0x000000076ab00000,0x000000076ca00000)
  from space 3072K, 80% used [0x000000076ca00000,0x000000076cc683b0,0x000000076cd00000)
  to   space 3072K, 0% used [0x000000076cd00000,0x000000076cd00000,0x000000076d000000)
 ParOldGen       total 252928K, used 252400K [0x00000006c0000000, 0x00000006cf700000, 0x000000076ab00000)
  object space 252928K, 99% used [0x00000006c0000000,0x00000006cf67c138,0x00000006cf700000)
 Metaspace       used 19807K, capacity 20110K, committed 20480K, reserved 1067008K
  class space    used 2131K, capacity 2231K, committed 2304K, reserved 1048576K
}
Event: 2669.636 GC heap before
{Heap before GC invocations=5650 (full 14):
 PSYoungGen      total 34816K, used 34208K [0x000000076ab00000, 0x000000076d000000, 0x00000007c0000000)
  eden space 31744K, 99% used [0x000000076ab00000,0x000000076c9fff70,0x000000076ca00000)
  from space 3072K, 80% used [0x000000076ca00000,0x000000076cc683b0,0x000000076cd00000)
  to   space 3072K, 0% used [0x000000076cd00000,0x000000076cd00000,0x000000076d000000)
 ParOldGen       total 252928K, used 252400K [0x00000006c0000000, 0x00000006cf700000, 0x000000076ab00000)
  object space 252928K, 99% used [0x00000006c0000000,0x00000006cf67c138,0x00000006cf700000)
 Metaspace       used 19807K, capacity 20110K, committed 20480K, reserved 1067008K
  class space    used 2131K, capacity 2231K, committed 2304K, reserved 1048576K
Event: 2669.637 GC heap after
Heap after GC invocations=5650 (full 14):
 PSYoungGen      total 34816K, used 2677K [0x000000076ab00000, 0x000000076d000000, 0x00000007c0000000)
  eden space 31744K, 0% used [0x000000076ab00000,0x000000076ab00000,0x000000076ca00000)
  from space 3072K, 87% used [0x000000076cd00000,0x000000076cf9d6d0,0x000000076d000000)
  to   space 3072K, 0% used [0x000000076ca00000,0x000000076ca00000,0x000000076cd00000)
 ParOldGen       total 252928K, used 252488K [0x00000006c0000000, 0x00000006cf700000, 0x000000076ab00000)
  object space 252928K, 99% used [0x00000006c0000000,0x00000006cf692138,0x00000006cf700000)
 Metaspace       used 19807K, capacity 20110K, committed 20480K, reserved 1067008K
  class space    used 2131K, capacity 2231K, committed 2304K, reserved 1048576K
}
Event: 2670.036 GC heap before
{Heap before GC invocations=5651 (full 14):
 PSYoungGen      total 34816K, used 34421K [0x000000076ab00000, 0x000000076d000000, 0x00000007c0000000)
  eden space 31744K, 100% used [0x000000076ab00000,0x000000076ca00000,0x000000076ca00000)
  from space 3072K, 87% used [0x000000076cd00000,0x000000076cf9d6d0,0x000000076d000000)
  to   space 3072K, 0% used [0x000000076ca00000,0x000000076ca00000,0x000000076cd00000)
 ParOldGen       total 252928K, used 252488K [0x00000006c0000000, 0x00000006cf700000, 0x000000076ab00000)
  object space 252928K, 99% used [0x00000006c0000000,0x00000006cf692138,0x00000006cf700000)
 Metaspace       used 19807K, capacity 20110K, committed 20480K, reserved 1067008K
  class space    used 2131K, capacity 2231K, committed 2304K, reserved 1048576K
Event: 2670.038 GC heap after
Heap after GC invocations=5651 (full 14):
 PSYoungGen      total 34816K, used 2678K [0x000000076ab00000, 0x000000076d000000, 0x00000007c0000000)
  eden space 31744K, 0% used [0x000000076ab00000,0x000000076ab00000,0x000000076ca00000)
  from space 3072K, 87% used [0x000000076ca00000,0x000000076cc9dac0,0x000000076cd00000)
  to   space 3072K, 0% used [0x000000076cd00000,0x000000076cd00000,0x000000076d000000)
 ParOldGen       total 252928K, used 252576K [0x00000006c0000000, 0x00000006cf700000, 0x000000076ab00000)
  object space 252928K, 99% used [0x00000006c0000000,0x00000006cf6a8138,0x00000006cf700000)
 Metaspace       used 19807K, capacity 20110K, committed 20480K, reserved 1067008K
  class space    used 2131K, capacity 2231K, committed 2304K, reserved 1048576K
}
Event: 2670.440 GC heap before
{Heap before GC invocations=5652 (full 14):
 PSYoungGen      total 34816K, used 34315K [0x000000076ab00000, 0x000000076d000000, 0x00000007c0000000)
  eden space 31744K, 99% used [0x000000076ab00000,0x000000076c9e5420,0x000000076ca00000)
  from space 3072K, 87% used [0x000000076ca00000,0x000000076cc9dac0,0x000000076cd00000)
  to   space 3072K, 0% used [0x000000076cd00000,0x000000076cd00000,0x000000076d000000)
 ParOldGen       total 252928K, used 252576K [0x00000006c0000000, 0x00000006cf700000, 0x000000076ab00000)
  object space 252928K, 99% used [0x00000006c0000000,0x00000006cf6a8138,0x00000006cf700000)
 Metaspace       used 19807K, capacity 20110K, committed 20480K, reserved 1067008K
  class space    used 2131K, capacity 2231K, committed 2304K, reserved 1048576K
Event: 2670.441 GC heap after
Heap after GC invocations=5652 (full 14):
 PSYoungGen      total 34304K, used 3060K [0x000000076ab00000, 0x000000076d100000, 0x00000007c0000000)
  eden space 31232K, 0% used [0x000000076ab00000,0x000000076ab00000,0x000000076c980000)
  from space 3072K, 99% used [0x000000076cd00000,0x000000076cffd0a0,0x000000076d000000)
  to   space 3584K, 0% used [0x000000076c980000,0x000000076c980000,0x000000076cd00000)
 ParOldGen       total 252928K, used 252738K [0x00000006c0000000, 0x00000006cf700000, 0x000000076ab00000)
  object space 252928K, 99% used [0x00000006c0000000,0x00000006cf6d09f8,0x00000006cf700000)
 Metaspace       used 19807K, capacity 20110K, committed 20480K, reserved 1067008K
  class space    used 2131K, capacity 2231K, committed 2304K, reserved 1048576K
}
Event: 2670.442 GC heap before
{Heap before GC invocations=5653 (full 15):
 PSYoungGen      total 34304K, used 3060K [0x000000076ab00000, 0x000000076d100000, 0x00000007c0000000)
  eden space 31232K, 0% used [0x000000076ab00000,0x000000076ab00000,0x000000076c980000)
  from space 3072K, 99% used [0x000000076cd00000,0x000000076cffd0a0,0x000000076d000000)
  to   space 3584K, 0% used [0x000000076c980000,0x000000076c980000,0x000000076cd00000)
 ParOldGen       total 252928K, used 252738K [0x00000006c0000000, 0x00000006cf700000, 0x000000076ab00000)
  object space 252928K, 99% used [0x00000006c0000000,0x00000006cf6d09f8,0x00000006cf700000)
 Metaspace       used 19807K, capacity 20110K, committed 20480K, reserved 1067008K
  class space    used 2131K, capacity 2231K, committed 2304K, reserved 1048576K
Event: 2670.604 GC heap after
Heap after GC invocations=5653 (full 15):
 PSYoungGen      total 34304K, used 0K [0x000000076ab00000, 0x000000076d100000, 0x00000007c0000000)
  eden space 31232K, 0% used [0x000000076ab00000,0x000000076ab00000,0x000000076c980000)
  from space 3072K, 0% used [0x000000076cd00000,0x000000076cd00000,0x000000076d000000)
  to   space 3584K, 0% used [0x000000076c980000,0x000000076c980000,0x000000076cd00000)
 ParOldGen       total 260096K, used 190727K [0x00000006c0000000, 0x00000006cfe00000, 0x000000076ab00000)
  object space 260096K, 73% used [0x00000006c0000000,0x00000006cba41f88,0x00000006cfe00000)
 Metaspace       used 19807K, capacity 20110K, committed 20480K, reserved 1067008K
  class space    used 2131K, capacity 2231K, committed 2304K, reserved 1048576K
}

