# JRE version: Java(TM) SE Runtime Environment (8.0_102-b14) (build 1.8.0_102-b14)
# Java VM: Java HotSpot(TM) 64-Bit Server VM (25.102-b14 mixed mode bsd-amd64 compressed oops)
Heap:
 PSYoungGen      total 125952K, used 1723K [0x000000076ab00000, 0x0000000776580000, 0x00000007c0000000)
  eden space 80384K, 2% used [0x000000076ab00000,0x000000076acaeed8,0x000000076f980000)
  from space 45568K, 0% used [0x000000076f980000,0x000000076f980000,0x0000000772600000)
  to   space 47104K, 0% used [0x0000000773780000,0x0000000773780000,0x0000000776580000)
 ParOldGen       total 192512K, used 112614K [0x00000006c0000000, 0x00000006cbc00000, 0x000000076ab00000)
  object space 192512K, 58% used [0x00000006c0000000,0x00000006c6df9808,0x00000006cbc00000)
 Metaspace       used 19519K, capacity 19886K, committed 20224K, reserved 1067008K
  class space    used 2138K, capacity 2263K, committed 2304K, reserved 1048576K
GC Heap History (10 events):
Event: 1125.456 GC heap before
{Heap before GC invocations=2424 (full 4):
 PSYoungGen      total 114688K, used 114677K [0x000000076ab00000, 0x0000000775000000, 0x00000007c0000000)
  eden space 88064K, 100% used [0x000000076ab00000,0x0000000770100000,0x0000000770100000)
  from space 26624K, 99% used [0x0000000770380000,0x0000000771d7d4b8,0x0000000771d80000)
  to   space 40448K, 0% used [0x0000000772880000,0x0000000772880000,0x0000000775000000)
 ParOldGen       total 164864K, used 148966K [0x00000006c0000000, 0x00000006ca100000, 0x000000076ab00000)
  object space 164864K, 90% used [0x00000006c0000000,0x00000006c9179bc0,0x00000006ca100000)
 Metaspace       used 19519K, capacity 19886K, committed 20224K, reserved 1067008K
  class space    used 2138K, capacity 2263K, committed 2304K, reserved 1048576K
Event: 1125.458 GC heap after
Heap after GC invocations=2424 (full 4):
 PSYoungGen      total 124416K, used 14611K [0x000000076ab00000, 0x0000000774e00000, 0x00000007c0000000)
  eden space 86016K, 0% used [0x000000076ab00000,0x000000076ab00000,0x000000076ff00000)
  from space 38400K, 38% used [0x0000000772880000,0x00000007736c4db0,0x0000000774e00000)
  to   space 40448K, 0% used [0x000000076ff00000,0x000000076ff00000,0x0000000772680000)
 ParOldGen       total 164864K, used 149515K [0x00000006c0000000, 0x00000006ca100000, 0x000000076ab00000)
  object space 164864K, 90% used [0x00000006c0000000,0x00000006c9202ef0,0x00000006ca100000)
 Metaspace       used 19519K, capacity 19886K, committed 20224K, reserved 1067008K
  class space    used 2138K, capacity 2263K, committed 2304K, reserved 1048576K
}
Event: 1125.806 GC heap before
{Heap before GC invocations=2425 (full 4):
 PSYoungGen      total 124416K, used 100627K [0x000000076ab00000, 0x0000000774e00000, 0x00000007c0000000)
  eden space 86016K, 100% used [0x000000076ab00000,0x000000076ff00000,0x000000076ff00000)
  from space 38400K, 38% used [0x0000000772880000,0x00000007736c4db0,0x0000000774e00000)
  to   space 40448K, 0% used [0x000000076ff00000,0x000000076ff00000,0x0000000772680000)
 ParOldGen       total 164864K, used 149515K [0x00000006c0000000, 0x00000006ca100000, 0x000000076ab00000)
  object space 164864K, 90% used [0x00000006c0000000,0x00000006c9202ef0,0x00000006ca100000)
 Metaspace       used 19519K, capacity 19886K, committed 20224K, reserved 1067008K
  class space    used 2138K, capacity 2263K, committed 2304K, reserved 1048576K
Event: 1125.811 GC heap after
Heap after GC invocations=2425 (full 4):
 PSYoungGen      total 90112K, used 5932K [0x000000076ab00000, 0x0000000774f00000, 0x00000007c0000000)
  eden space 83968K, 0% used [0x000000076ab00000,0x000000076ab00000,0x000000076fd00000)
  from space 6144K, 96% used [0x000000076ff00000,0x00000007704cb220,0x0000000770500000)
  to   space 41984K, 0% used [0x0000000772600000,0x0000000772600000,0x0000000774f00000)
 ParOldGen       total 164864K, used 149587K [0x00000006c0000000, 0x00000006ca100000, 0x000000076ab00000)
  object space 164864K, 90% used [0x00000006c0000000,0x00000006c9214ef0,0x00000006ca100000)
 Metaspace       used 19519K, capacity 19886K, committed 20224K, reserved 1067008K
  class space    used 2138K, capacity 2263K, committed 2304K, reserved 1048576K
}
Event: 1126.121 GC heap before
{Heap before GC invocations=2426 (full 4):
 PSYoungGen      total 90112K, used 85880K [0x000000076ab00000, 0x0000000774f00000, 0x00000007c0000000)
  eden space 83968K, 95% used [0x000000076ab00000,0x000000076f912e18,0x000000076fd00000)
  from space 6144K, 96% used [0x000000076ff00000,0x00000007704cb220,0x0000000770500000)
  to   space 41984K, 0% used [0x0000000772600000,0x0000000772600000,0x0000000774f00000)
 ParOldGen       total 164864K, used 149587K [0x00000006c0000000, 0x00000006ca100000, 0x000000076ab00000)
  object space 164864K, 90% used [0x00000006c0000000,0x00000006c9214ef0,0x00000006ca100000)
 Metaspace       used 19519K, capacity 19886K, committed 20224K, reserved 1067008K
  class space    used 2138K, capacity 2263K, committed 2304K, reserved 1048576K
Event: 1126.142 GC heap after
Heap after GC invocations=2426 (full 4):
 PSYoungGen      total 122368K, used 36884K [0x000000076ab00000, 0x0000000776680000, 0x00000007c0000000)
  eden space 80384K, 0% used [0x000000076ab00000,0x000000076ab00000,0x000000076f980000)
  from space 41984K, 87% used [0x0000000772600000,0x0000000774a05260,0x0000000774f00000)
  to   space 45568K, 0% used [0x000000076f980000,0x000000076f980000,0x0000000772600000)
 ParOldGen       total 164864K, used 155011K [0x00000006c0000000, 0x00000006ca100000, 0x000000076ab00000)
  object space 164864K, 94% used [0x00000006c0000000,0x00000006c9760eb0,0x00000006ca100000)
 Metaspace       used 19519K, capacity 19886K, committed 20224K, reserved 1067008K
  class space    used 2138K, capacity 2263K, committed 2304K, reserved 1048576K
}
Event: 1126.390 GC heap before
{Heap before GC invocations=2427 (full 4):
 PSYoungGen      total 122368K, used 117268K [0x000000076ab00000, 0x0000000776680000, 0x00000007c0000000)
  eden space 80384K, 100% used [0x000000076ab00000,0x000000076f980000,0x000000076f980000)
  from space 41984K, 87% used [0x0000000772600000,0x0000000774a05260,0x0000000774f00000)
  to   space 45568K, 0% used [0x000000076f980000,0x000000076f980000,0x0000000772600000)
 ParOldGen       total 164864K, used 155011K [0x00000006c0000000, 0x00000006ca100000, 0x000000076ab00000)
  object space 164864K, 94% used [0x00000006c0000000,0x00000006c9760eb0,0x00000006ca100000)
 Metaspace       used 19519K, capacity 19886K, committed 20224K, reserved 1067008K
  class space    used 2138K, capacity 2263K, committed 2304K, reserved 1048576K
Event: 1126.407 GC heap after
Heap after GC invocations=2427 (full 4):
 PSYoungGen      total 125952K, used 2552K [0x000000076ab00000, 0x0000000776580000, 0x00000007c0000000)
  eden space 80384K, 0% used [0x000000076ab00000,0x000000076ab00000,0x000000076f980000)
  from space 45568K, 5% used [0x000000076f980000,0x000000076fbfe020,0x0000000772600000)
  to   space 47104K, 0% used [0x0000000773780000,0x0000000773780000,0x0000000776580000)
 ParOldGen       total 180736K, used 179488K [0x00000006c0000000, 0x00000006cb080000, 0x000000076ab00000)
  object space 180736K, 99% used [0x00000006c0000000,0x00000006caf48310,0x00000006cb080000)
 Metaspace       used 19519K, capacity 19886K, committed 20224K, reserved 1067008K
  class space    used 2138K, capacity 2263K, committed 2304K, reserved 1048576K
}
Event: 1126.407 GC heap before
{Heap before GC invocations=2428 (full 5):
 PSYoungGen      total 125952K, used 2552K [0x000000076ab00000, 0x0000000776580000, 0x00000007c0000000)
  eden space 80384K, 0% used [0x000000076ab00000,0x000000076ab00000,0x000000076f980000)
  from space 45568K, 5% used [0x000000076f980000,0x000000076fbfe020,0x0000000772600000)
  to   space 47104K, 0% used [0x0000000773780000,0x0000000773780000,0x0000000776580000)
 ParOldGen       total 180736K, used 179488K [0x00000006c0000000, 0x00000006cb080000, 0x000000076ab00000)
  object space 180736K, 99% used [0x00000006c0000000,0x00000006caf48310,0x00000006cb080000)
 Metaspace       used 19519K, capacity 19886K, committed 20224K, reserved 1067008K
  class space    used 2138K, capacity 2263K, committed 2304K, reserved 1048576K
Event: 1126.632 GC heap after
Heap after GC invocations=2428 (full 5):
 PSYoungGen      total 125952K, used 0K [0x000000076ab00000, 0x0000000776580000, 0x00000007c0000000)
  eden space 80384K, 0% used [0x000000076ab00000,0x000000076ab00000,0x000000076f980000)
  from space 45568K, 0% used [0x000000076f980000,0x000000076f980000,0x0000000772600000)
  to   space 47104K, 0% used [0x0000000773780000,0x0000000773780000,0x0000000776580000)
 ParOldGen       total 192512K, used 112614K [0x00000006c0000000, 0x00000006cbc00000, 0x000000076ab00000)
  object space 192512K, 58% used [0x00000006c0000000,0x00000006c6df9808,0x00000006cbc00000)
 Metaspace       used 19519K, capacity 19886K, committed 20224K, reserved 1067008K
  class space    used 2138K, capacity 2263K, committed 2304K, reserved 1048576K
}

